<?xml version="1.0" encoding="UTF-8"?>
<testng-results skipped="0" failed="0" ignored="0" total="1" passed="1">
  <reporter-output>
  </reporter-output>
  <suite name="Surefire suite" duration-ms="109" started-at="2020-02-11T13:03:17 IST" finished-at="2020-02-11T13:03:17 IST">
    <groups>
    </groups>
    <test name="Surefire test" duration-ms="109" started-at="2020-02-11T13:03:17 IST" finished-at="2020-02-11T13:03:17 IST">
      <class name="maven.ClassTest">
        <test-method status="PASS" signature="test()[pri:0, instance:maven.ClassTest@59ec2012]" name="test" duration-ms="0" started-at="2020-02-11T13:03:17 IST" finished-at="2020-02-11T13:03:17 IST">
          <reporter-output>
          </reporter-output>
        </test-method> <!-- test -->
      </class> <!-- maven.ClassTest -->
    </test> <!-- Surefire test -->
  </suite> <!-- Surefire suite -->
</testng-results>
